<?xml version="1.0" encoding="UTF-8"?>
<testsuite name="DemoTest" tests="1" skipped="0" failures="0" errors="0" timestamp="2021-02-17T14:51:44" hostname="MOHAMMAD" time="7.925">
  <properties/>
  <testcase name="testAndroid" classname="DemoTest" time="7.925"/>
  <system-out><![CDATA[?[35m[Appium]?[39m Welcome to Appium v1.20.2
?[35m[Appium]?[39m Appium REST http interface listener started on 0.0.0.0:4723
?[35m[HTTP]?[39m ?[37m-->?[39m ?[37mGET?[39m ?[37m/wd/hub/status?[39m
?[35m[HTTP]?[39m ?[90m{}?[39m
[debug] ?[35m[GENERIC]?[39m Calling AppiumDriver.getStatus() with args: []
[debug] ?[35m[GENERIC]?[39m Responding to client with driver.getStatus() result: {"build":{"version":"1.20.2"}}
?[35m[HTTP]?[39m ?[37m<-- GET /wd/hub/status ?[39m?[32m200?[39m ?[90m7 ms - 68?[39m
?[35m[HTTP]?[39m ?[90m?[39m
[debug] ?[35m[HTTP]?[39m Request idempotency key: 027cfba1-0050-4643-9762-6422f63833d0
?[35m[HTTP]?[39m ?[37m-->?[39m ?[37mPOST?[39m ?[37m/wd/hub/session?[39m
?[35m[HTTP]?[39m ?[90m{"desiredCapabilities":{"chromedriverExecutable":"F:\\Github\\AppiumGithubActionPOC/src/test/resources/chromedriver.exe","platformVersion":"11","automationName":"UIAutomator2","browserName":"Chrome","platformName":"Android","deviceName":"Android Emulator"},"capabilities":{"firstMatch":[{"appium:automationName":"UIAutomator2","browserName":"Chrome","appium:chromedriverExecutable":"F:\\Github\\AppiumGithubActionPOC/src/test/resources/chromedriver.exe","appium:deviceName":"Android Emulator","platformName":"android","appium:platformVersion":"11"}]}}?[39m
[debug] ?[35m[W3C]?[39m Calling AppiumDriver.createSession() with args: [{"chromedriverExecutable":"F:\\Github\\AppiumGithubActionPOC/src/test/resources/chromedriver.exe","platformVersion":"11","automationName":"UIAutomator2","browserName":"Chrome","platformName":"Android","deviceName":"Android Emulator"},null,{"firstMatch":[{"appium:automationName":"UIAutomator2","browserName":"Chrome","appium:chromedriverExecutable":"F:\\Github\\AppiumGithubActionPOC/src/test/resources/chromedriver.exe","appium:deviceName":"Android Emulator","platformName":"android","appium:platformVersion":"11"}]}]
[debug] ?[35m[BaseDriver]?[39m Event 'newSessionRequested' logged at 1613573468336 (20:21:08 GMT+0530 (India Standard Time))
?[35m[Appium]?[39m Appium v1.20.2 creating new AndroidUiautomator2Driver (v1.61.2) session
[debug] ?[35m[BaseDriver]?[39m W3C capabilities and MJSONWP desired capabilities were provided
[debug] ?[35m[BaseDriver]?[39m Creating session with W3C capabilities: {
[debug] ?[35m[BaseDriver]?[39m   "alwaysMatch": {
[debug] ?[35m[BaseDriver]?[39m     "browserName": "Chrome",
[debug] ?[35m[BaseDriver]?[39m     "platformName": "android",
[debug] ?[35m[BaseDriver]?[39m     "appium:automationName": "UIAutomator2",
[debug] ?[35m[BaseDriver]?[39m     "appium:chromedriverExecutable": "F:\\Github\\AppiumGithubActionPOC/src/test/resources/chromedriver.exe",
[debug] ?[35m[BaseDriver]?[39m     "appium:deviceName": "Android Emulator",
[debug] ?[35m[BaseDriver]?[39m     "appium:platformVersion": "11"
[debug] ?[35m[BaseDriver]?[39m   },
[debug] ?[35m[BaseDriver]?[39m   "firstMatch": [
[debug] ?[35m[BaseDriver]?[39m     {}
[debug] ?[35m[BaseDriver]?[39m   ]
[debug] ?[35m[BaseDriver]?[39m }
?[35m[BaseDriver]?[39m Session created with session id: 9a2f7e2d-296a-42b9-b3f8-72187ccae149
?[35m[UiAutomator2]?[39m We're going to run a Chrome-based session
?[35m[UiAutomator2]?[39m Chrome-type package and activity are com.android.chrome and com.google.android.apps.chrome.Main
?[35m[UiAutomator2]?[39m Starting 'com.android.chrome' directly on the device
?[35m[ADB]?[39m Found 3 'build-tools' folders under 'F:\Android_Sdk' (newest first):
?[35m[ADB]?[39m     F:/Android_Sdk/build-tools/30.0.3
?[35m[ADB]?[39m     F:/Android_Sdk/build-tools/30.0.1
?[35m[ADB]?[39m     F:/Android_Sdk/build-tools/29.0.2
?[35m[ADB]?[39m Using 'adb.exe' from 'F:\Android_Sdk\platform-tools\adb.exe'
[debug] ?[35m[ADB]?[39m Running 'F:\Android_Sdk\platform-tools\adb.exe -P 5037 start-server'
?[35m[AndroidDriver]?[39m Retrieving device list
[debug] ?[35m[ADB]?[39m Trying to find a connected android device
[debug] ?[35m[ADB]?[39m Getting connected devices
[debug] ?[35m[ADB]?[39m Connected devices: [{"udid":"emulator-5554","state":"device"}]
?[35m[AndroidDriver]?[39m Looking for a device with Android '11.0.0'
[debug] ?[35m[ADB]?[39m Setting device id to emulator-5554
?[35m[ADB]?[39m Getting device platform version
[debug] ?[35m[ADB]?[39m Running 'F:\Android_Sdk\platform-tools\adb.exe -P 5037 -s emulator-5554 shell getprop ro.build.version.release'
[debug] ?[35m[ADB]?[39m Current device property 'ro.build.version.release': 11
?[35m[AndroidDriver]?[39m Using device: emulator-5554
?[35m[ADB]?[39m Using 'adb.exe' from 'F:\Android_Sdk\platform-tools\adb.exe'
[debug] ?[35m[ADB]?[39m Running 'F:\Android_Sdk\platform-tools\adb.exe -P 5037 start-server'
[debug] ?[35m[ADB]?[39m Setting device id to emulator-5554
[debug] ?[35m[ADB]?[39m Running 'F:\Android_Sdk\platform-tools\adb.exe -P 5037 -s emulator-5554 shell getprop ro.build.version.sdk'
[debug] ?[35m[ADB]?[39m Current device property 'ro.build.version.sdk': 30
?[35m[ADB]?[39m Getting device platform version
[debug] ?[35m[ADB]?[39m Running 'F:\Android_Sdk\platform-tools\adb.exe -P 5037 -s emulator-5554 shell getprop ro.build.version.release'
[debug] ?[35m[ADB]?[39m Current device property 'ro.build.version.release': 11
[debug] ?[35m[ADB]?[39m Device API level: 30
?[35m[UiAutomator2]?[39m Relaxing hidden api policy
[debug] ?[35m[ADB]?[39m Running 'F:\Android_Sdk\platform-tools\adb.exe -P 5037 -s emulator-5554 shell 'settings put global hidden_api_policy_pre_p_apps 1;settings put global hidden_api_policy_p_apps 1;settings put global hidden_api_policy 1''
?[35m[AndroidDriver]?[39m No app sent in, not parsing package/activity
[debug] ?[35m[ADB]?[39m Running 'F:\Android_Sdk\platform-tools\adb.exe -P 5037 -s emulator-5554 wait-for-device'
[debug] ?[35m[ADB]?[39m Running 'F:\Android_Sdk\platform-tools\adb.exe -P 5037 -s emulator-5554 shell echo ping'
[debug] ?[35m[AndroidDriver]?[39m Pushing settings apk to device...
[debug] ?[35m[ADB]?[39m Getting install status for io.appium.settings
[debug] ?[35m[ADB]?[39m Running 'F:\Android_Sdk\platform-tools\adb.exe -P 5037 -s emulator-5554 shell dumpsys package io.appium.settings'
[debug] ?[35m[ADB]?[39m 'io.appium.settings' is installed
[debug] ?[35m[ADB]?[39m Getting package info for 'io.appium.settings'
[debug] ?[35m[ADB]?[39m Running 'F:\Android_Sdk\platform-tools\adb.exe -P 5037 -s emulator-5554 shell dumpsys package io.appium.settings'
[debug] ?[35m[ADB]?[39m The version name of the installed 'io.appium.settings' is greater or equal to the application version name ('3.2.1' >= '3.2.1')
[debug] ?[35m[ADB]?[39m There is no need to install/upgrade 'C:\Users\Faisal Khatri\AppData\Roaming\npm\node_modules\appium\node_modules\io.appium.settings\apks\settings_apk-debug.apk'
[debug] ?[35m[ADB]?[39m Getting IDs of all 'io.appium.settings' processes
[debug] ?[35m[ADB]?[39m Running 'F:\Android_Sdk\platform-tools\adb.exe -P 5037 -s emulator-5554 shell 'pgrep --help; echo $?''
[debug] ?[35m[ADB]?[39m Running 'F:\Android_Sdk\platform-tools\adb.exe -P 5037 -s emulator-5554 shell pgrep -f \(\[\[:blank:\]\]\|\^\)io\.appium\.settings\(\[\[:blank:\]\]\|\$\)'
[debug] ?[35m[AndroidDriver]?[39m io.appium.settings is already running. There is no need to reset its permissions.
[debug] ?[35m[Logcat]?[39m Starting logs capture with command: F:\\Android_Sdk\\platform-tools\\adb.exe -P 5037 -s emulator-5554 logcat -v threadtime
[debug] ?[35m[UiAutomator2]?[39m Forwarding UiAutomator2 Server port 6790 to local port 8201
[debug] ?[35m[ADB]?[39m Forwarding system: 8201 to device: 6790
[debug] ?[35m[ADB]?[39m Running 'F:\Android_Sdk\platform-tools\adb.exe -P 5037 -s emulator-5554 forward tcp:8201 tcp:6790'
[debug] ?[35m[ADB]?[39m Getting install status for io.appium.uiautomator2.server
[debug] ?[35m[ADB]?[39m Running 'F:\Android_Sdk\platform-tools\adb.exe -P 5037 -s emulator-5554 shell dumpsys package io.appium.uiautomator2.server'
[debug] ?[35m[ADB]?[39m 'io.appium.uiautomator2.server' is installed
[debug] ?[35m[ADB]?[39m Getting package info for 'io.appium.uiautomator2.server'
[debug] ?[35m[ADB]?[39m Running 'F:\Android_Sdk\platform-tools\adb.exe -P 5037 -s emulator-5554 shell dumpsys package io.appium.uiautomator2.server'
[debug] ?[35m[ADB]?[39m The version name of the installed 'io.appium.uiautomator2.server' is greater or equal to the application version name ('4.17.4' >= '4.17.4')
[debug] ?[35m[UiAutomator2]?[39m io.appium.uiautomator2.server installation state: sameVersionInstalled
[debug] ?[35m[ADB]?[39m Checking app cert for C:\Users\Faisal Khatri\AppData\Roaming\npm\node_modules\appium\node_modules\appium-uiautomator2-server\apks\appium-uiautomator2-server-v4.17.4.apk
?[35m[ADB]?[39m Using 'apksigner.jar' from 'F:\Android_Sdk\build-tools\30.0.3\lib\apksigner.jar'
[debug] ?[35m[ADB]?[39m Starting apksigner: F:\\Tools\\java\\jdk-15.0.2\\bin\\java.exe -Xmx1024M -Xss1m -jar F:\\Android_Sdk\\build-tools\\30.0.3\\lib\\apksigner.jar verify --print-certs 'C:\\Users\\Faisal Khatri\\AppData\\Roaming\\npm\\node_modules\\appium\\node_modules\\appium-uiautomator2-server\\apks\\appium-uiautomator2-server-v4.17.4.apk'
[debug] ?[35m[ADB]?[39m apksigner stdout: Signer #1 certificate DN: EMAILADDRESS=android@android.com, CN=Android, OU=Android, O=Android, L=Mountain View, ST=California, C=US
[debug] ?[35m[ADB]?[39m Signer #1 certificate SHA-256 digest: a40da80a59d170caa950cf15c18c454d47a39b26989d8b640ecd745ba71bf5dc
[debug] ?[35m[ADB]?[39m Signer #1 certificate SHA-1 digest: 61ed377e85d386a8dfee6b864bd85b0bfaa5af81
[debug] ?[35m[ADB]?[39m Signer #1 certificate MD5 digest: e89b158e4bcf988ebd09eb83f5378e87
[debug] ?[35m[ADB]?[39m 
[debug] ?[35m[ADB]?[39m sha256 hash did match for 'appium-uiautomator2-server-v4.17.4.apk'
?[35m[ADB]?[39m 'C:\Users\Faisal Khatri\AppData\Roaming\npm\node_modules\appium\node_modules\appium-uiautomator2-server\apks\appium-uiautomator2-server-v4.17.4.apk' is signed with the default certificate
[debug] ?[35m[ADB]?[39m Getting install status for io.appium.uiautomator2.server.test
[debug] ?[35m[ADB]?[39m Running 'F:\Android_Sdk\platform-tools\adb.exe -P 5037 -s emulator-5554 shell dumpsys package io.appium.uiautomator2.server.test'
[debug] ?[35m[ADB]?[39m 'io.appium.uiautomator2.server.test' is installed
[debug] ?[35m[ADB]?[39m Checking app cert for C:\Users\Faisal Khatri\AppData\Roaming\npm\node_modules\appium\node_modules\appium-uiautomator2-server\apks\appium-uiautomator2-server-debug-androidTest.apk
[debug] ?[35m[ADB]?[39m Starting apksigner: F:\\Tools\\java\\jdk-15.0.2\\bin\\java.exe -Xmx1024M -Xss1m -jar F:\\Android_Sdk\\build-tools\\30.0.3\\lib\\apksigner.jar verify --print-certs 'C:\\Users\\Faisal Khatri\\AppData\\Roaming\\npm\\node_modules\\appium\\node_modules\\appium-uiautomator2-server\\apks\\appium-uiautomator2-server-debug-androidTest.apk'
[debug] ?[35m[ADB]?[39m apksigner stdout: Signer #1 certificate DN: EMAILADDRESS=android@android.com, CN=Android, OU=Android, O=Android, L=Mountain View, ST=California, C=US
[debug] ?[35m[ADB]?[39m Signer #1 certificate SHA-256 digest: a40da80a59d170caa950cf15c18c454d47a39b26989d8b640ecd745ba71bf5dc
[debug] ?[35m[ADB]?[39m Signer #1 certificate SHA-1 digest: 61ed377e85d386a8dfee6b864bd85b0bfaa5af81
[debug] ?[35m[ADB]?[39m Signer #1 certificate MD5 digest: e89b158e4bcf988ebd09eb83f5378e87
[debug] ?[35m[ADB]?[39m 
[debug] ?[35m[ADB]?[39m sha256 hash did match for 'appium-uiautomator2-server-debug-androidTest.apk'
?[35m[ADB]?[39m 'C:\Users\Faisal Khatri\AppData\Roaming\npm\node_modules\appium\node_modules\appium-uiautomator2-server\apks\appium-uiautomator2-server-debug-androidTest.apk' is signed with the default certificate
?[35m[UiAutomator2]?[39m Server packages are not going to be (re)installed
[debug] ?[35m[UiAutomator2]?[39m Waiting up to 30000ms for services to be available
[debug] ?[35m[ADB]?[39m Running 'F:\Android_Sdk\platform-tools\adb.exe -P 5037 -s emulator-5554 shell pm list instrumentation'
[debug] ?[35m[UiAutomator2]?[39m Instrumentation target 'io.appium.uiautomator2.server.test/androidx.test.runner.AndroidJUnitRunner' is available
?[35m[ADB]?[39m Adding packages ["io.appium.settings","io.appium.uiautomator2.server","io.appium.uiautomator2.server.test"] to Doze whitelist
[debug] ?[35m[ADB]?[39m Got the following command chunks to execute: [["dumpsys","deviceidle","whitelist","+io.appium.settings",";","dumpsys","deviceidle","whitelist","+io.appium.uiautomator2.server",";","dumpsys","deviceidle","whitelist","+io.appium.uiautomator2.server.test",";"]]
[debug] ?[35m[ADB]?[39m Running 'F:\Android_Sdk\platform-tools\adb.exe -P 5037 -s emulator-5554 shell dumpsys deviceidle whitelist +io.appium.settings ; dumpsys deviceidle whitelist +io.appium.uiautomator2.server ; dumpsys deviceidle whitelist +io.appium.uiautomator2.server.test ;'
[debug] ?[35m[UiAutomator2]?[39m No app capability. Assuming it is already on the device
[debug] ?[35m[ADB]?[39m Getting install status for com.android.chrome
[debug] ?[35m[ADB]?[39m Running 'F:\Android_Sdk\platform-tools\adb.exe -P 5037 -s emulator-5554 shell dumpsys package com.android.chrome'
[debug] ?[35m[ADB]?[39m 'com.android.chrome' is installed
[debug] ?[35m[ADB]?[39m Running 'F:\Android_Sdk\platform-tools\adb.exe -P 5037 -s emulator-5554 shell am force-stop com.android.chrome'
[debug] ?[35m[ADB]?[39m Running 'F:\Android_Sdk\platform-tools\adb.exe -P 5037 -s emulator-5554 shell pm clear com.android.chrome'
[debug] ?[35m[AndroidDriver]?[39m Performed fast reset on the installed 'com.android.chrome' application (stop and clear)
[debug] ?[35m[UiAutomator2]?[39m Performing shallow cleanup of automation leftovers
[debug] ?[35m[UiAutomator2]?[39m No obsolete sessions have been detected (socket hang up)
[debug] ?[35m[ADB]?[39m Running 'F:\Android_Sdk\platform-tools\adb.exe -P 5037 -s emulator-5554 shell am force-stop io.appium.uiautomator2.server.test'
?[35m[UiAutomator2]?[39m Starting UIAutomator2 server 4.17.4
?[35m[UiAutomator2]?[39m Using UIAutomator2 server from 'C:\Users\Faisal Khatri\AppData\Roaming\npm\node_modules\appium\node_modules\appium-uiautomator2-server\apks\appium-uiautomator2-server-v4.17.4.apk' and test from 'C:\Users\Faisal Khatri\AppData\Roaming\npm\node_modules\appium\node_modules\appium-uiautomator2-server\apks\appium-uiautomator2-server-debug-androidTest.apk'
?[35m[UiAutomator2]?[39m Waiting up to 30000ms for UiAutomator2 to be online...
[debug] ?[35m[ADB]?[39m Creating ADB subprocess with args: ["-P",5037,"-s","emulator-5554","shell","am","instrument","-w","io.appium.uiautomator2.server.test/androidx.test.runner.AndroidJUnitRunner"]
[debug] ?[35m[WD Proxy]?[39m Matched '/status' to command name 'getStatus'
[debug] ?[35m[WD Proxy]?[39m Proxying [GET /status] to [GET http://127.0.0.1:8201/wd/hub/status] with no body
?[35m[WD Proxy]?[39m socket hang up
[debug] ?[35m[WD Proxy]?[39m Matched '/status' to command name 'getStatus'
[debug] ?[35m[WD Proxy]?[39m Proxying [GET /status] to [GET http://127.0.0.1:8201/wd/hub/status] with no body
?[35m[WD Proxy]?[39m socket hang up
[debug] ?[35m[WD Proxy]?[39m Matched '/status' to command name 'getStatus'
[debug] ?[35m[WD Proxy]?[39m Proxying [GET /status] to [GET http://127.0.0.1:8201/wd/hub/status] with no body
?[35m[WD Proxy]?[39m socket hang up
[debug] ?[35m[WD Proxy]?[39m Matched '/status' to command name 'getStatus'
[debug] ?[35m[WD Proxy]?[39m Proxying [GET /status] to [GET http://127.0.0.1:8201/wd/hub/status] with no body
?[35m[WD Proxy]?[39m socket hang up
[debug] ?[35m[WD Proxy]?[39m Matched '/status' to command name 'getStatus'
[debug] ?[35m[WD Proxy]?[39m Proxying [GET /status] to [GET http://127.0.0.1:8201/wd/hub/status] with no body
?[35m[WD Proxy]?[39m socket hang up
[debug] ?[35m[WD Proxy]?[39m Matched '/status' to command name 'getStatus'
[debug] ?[35m[WD Proxy]?[39m Proxying [GET /status] to [GET http://127.0.0.1:8201/wd/hub/status] with no body
?[35m[WD Proxy]?[39m socket hang up
[debug] ?[35m[WD Proxy]?[39m Matched '/status' to command name 'getStatus'
[debug] ?[35m[WD Proxy]?[39m Proxying [GET /status] to [GET http://127.0.0.1:8201/wd/hub/status] with no body
?[35m[WD Proxy]?[39m socket hang up
[debug] ?[35m[WD Proxy]?[39m Matched '/status' to command name 'getStatus'
[debug] ?[35m[WD Proxy]?[39m Proxying [GET /status] to [GET http://127.0.0.1:8201/wd/hub/status] with no body
?[35m[WD Proxy]?[39m socket hang up
[debug] ?[35m[WD Proxy]?[39m Matched '/status' to command name 'getStatus'
[debug] ?[35m[WD Proxy]?[39m Proxying [GET /status] to [GET http://127.0.0.1:8201/wd/hub/status] with no body
?[35m[WD Proxy]?[39m socket hang up
[debug] ?[35m[Instrumentation]?[39m io.appium.uiautomator2.server.test.AppiumUiAutomator2Server:
[debug] ?[35m[WD Proxy]?[39m Matched '/status' to command name 'getStatus'
[debug] ?[35m[WD Proxy]?[39m Proxying [GET /status] to [GET http://127.0.0.1:8201/wd/hub/status] with no body
?[35m[WD Proxy]?[39m socket hang up
[debug] ?[35m[WD Proxy]?[39m Matched '/status' to command name 'getStatus'
[debug] ?[35m[WD Proxy]?[39m Proxying [GET /status] to [GET http://127.0.0.1:8201/wd/hub/status] with no body
?[35m[WD Proxy]?[39m socket hang up
[debug] ?[35m[WD Proxy]?[39m Matched '/status' to command name 'getStatus'
[debug] ?[35m[WD Proxy]?[39m Proxying [GET /status] to [GET http://127.0.0.1:8201/wd/hub/status] with no body
[debug] ?[35m[WD Proxy]?[39m Got response with status 200: {"sessionId":"None","value":{"message":"UiAutomator2 Server is ready to accept commands","ready":true}}
[debug] ?[35m[UiAutomator2]?[39m The initialization of the instrumentation process took 11447ms
[debug] ?[35m[WD Proxy]?[39m Matched '/session' to command name 'createSession'
[debug] ?[35m[WD Proxy]?[39m Proxying [POST /session] to [POST http://127.0.0.1:8201/wd/hub/session] with body: {"capabilities":{"firstMatch":[{"platform":"LINUX","webStorageEnabled":false,"takesScreenshot":true,"javascriptEnabled":true,"databaseEnabled":false,"networkConnectionEnabled":true,"locationContextEnabled":false,"warnings":{},"desired":{"browserName":"Chrome","platformName":"android","automationName":"UIAutomator2","chromedriverExecutable":"F:\\Github\\AppiumGithubActionPOC/src/test/resources/chromedriver.exe","deviceName":"Android Emulator","platformVersion":"11"},"browserName":"Chrome","platformName":"android","automationName":"UIAutomator2","chromedriverExecutable":"F:\\Github\\AppiumGithubActionPOC/src/test/resources/chromedriver.exe","deviceName":"emulator-5554","platformVersion":"11","appPackage":"com.android.chrome","appActivity":"com.google.android.apps.chrome.Main","deviceUDID":"emulator-5554"}],"alwaysMatch":{}}}
[debug] ?[35m[WD Proxy]?[39m Got response with status 200: {"sessionId":"80c8dfe7-18d3-4e9b-9f60-d1823fcda4f5","value":{"capabilities":{"firstMatch":[{"platform":"LINUX","webStorageEnabled":false,"takesScreenshot":true,"javascriptEnabled":true,"databaseEnabled":false,"networkConnectionEnabled":true,"locationContextEnabled":false,"warnings":{},"desired":{"browserName":"Chrome","platformName":"android","automationName":"UIAutomator2","chromedriverExecutable":"F:\\Github\\AppiumGithubActionPOC/src/test/resources/chromedriver.exe","deviceName":"Android Emulator","platformVersion":"11"},"browserName":"Chrome","platformName":"android","automationName":"UIAutomator2","chromedriverExecutable":"F:\\Github\\AppiumGithubActionPOC/src/test/resources/chromedriver.exe","deviceName":"emulator-5554","platformVersion":"11","appPackage":"com.android.chrome","appActivity":"com.google.android.apps.chrome.Main","deviceUDID":"emulator-5554"}],"alwaysMatch":{}},"sessionId":"80c8dfe7-18d3-4e9b-9f60-d1823fcda4f5"}}
?[35m[WD Proxy]?[39m Determined the downstream protocol as 'W3C'
[debug] ?[35m[WD Proxy]?[39m Proxying [GET /appium/device/info] to [GET http://127.0.0.1:8201/wd/hub/session/80c8dfe7-18d3-4e9b-9f60-d1823fcda4f5/appium/device/info] with no body
[debug] ?[35m[WD Proxy]?[39m Got response with status 200: {"sessionId":"80c8dfe7-18d3-4e9b-9f60-d1823fcda4f5","value":{"androidId":"a3a971e9f16d6d11","apiVersion":"30","bluetooth":{"state":"ON"},"brand":"google","carrierName":"Android","displayDensity":440,"locale":"en_US","manufacturer":"Google","model":"sdk_gphone_x86","networks":[{"capabilities":{"SSID":null,"linkDownBandwidthKbps":30000,"linkUpstreamBandwidthKbps":15000,"networkCapabilities":"NET_CAPABILITY_MMS,NET_CAPABILITY_SUPL,NET_CAPABILITY_DUN,NET_CAPABILITY_FOTA,NET_CAPABILITY_IMS,NET_CAPABILITY_CBS,NET_CAPABILITY_INTERNET,NET_CAPABILITY_NOT_RESTRICTED,NET_CAPABILITY_TRUSTED,NET_CAPABILITY_NOT_VPN,NET_CAPABILITY_VALIDATED,NET_CAPABILITY_NOT_ROAMING,NET_CAPABILITY_NOT_CONGESTED,NET_CAPABILITY_NOT_SUSPENDED","signalStrength":-2147483648,"transportTypes":"TRANSPORT_CELLULAR"},"detailedState":"CONNECTED","extraInfo":"epc.tmobile.com","isAvailable":true,"isConnected":true,"isFailover":false,"isRoaming":false,"state":"CONNECTED","subtype":13,"subtypeName":"LTE","type":0,"typeName":"MOBILE"},{"capabilities":{...
[debug] ?[35m[ADB]?[39m Running 'F:\Android_Sdk\platform-tools\adb.exe -P 5037 -s emulator-5554 shell dumpsys window'
?[35m[AndroidDriver]?[39m Screen already unlocked, doing nothing
?[35m[AndroidDriver]?[39m Starting a chrome-based browser session
[debug] ?[35m[AndroidDriver]?[39m A port was not given, using random free port: 8000
[debug] ?[35m[AndroidDriver]?[39m Automated Chromedriver download is disabled. Use 'chromedriver_autodownload' server feature to enable it
[debug] ?[35m[AndroidDriver]?[39m Precalculated Chromedriver capabilities: {
[debug] ?[35m[AndroidDriver]?[39m   "androidPackage": "com.android.chrome",
[debug] ?[35m[AndroidDriver]?[39m   "androidDeviceSerial": "emulator-5554"
[debug] ?[35m[AndroidDriver]?[39m }
[debug] ?[35m[AndroidDriver]?[39m Before starting chromedriver, androidPackage is 'com.android.chrome'
[debug] ?[35m[Chromedriver]?[39m Changed state to 'starting'
?[35m[Chromedriver]?[39m Set chromedriver binary as: F:\Github\AppiumGithubActionPOC/src/test/resources/chromedriver.exe
[debug] ?[35m[Chromedriver]?[39m Killing any old chromedrivers, running: wmic process where "commandline like '%chromedriver.exe%--port=8000%'" delete
[debug] ?[35m[Chromedriver]?[39m Successfully cleaned up old chromedrivers
[debug] ?[35m[Chromedriver]?[39m Cleaning this device's adb forwarded port socket connections: emulator-5554
[debug] ?[35m[ADB]?[39m List forwarding ports
[debug] ?[35m[ADB]?[39m Running 'F:\Android_Sdk\platform-tools\adb.exe -P 5037 -s emulator-5554 forward --list'
?[35m[Chromedriver]?[39m Spawning chromedriver with: F:\Github\AppiumGithubActionPOC/src/test/resources/chromedriver.exe --url-base=wd/hub --port=8000 --adb-port=5037 --verbose
[debug] ?[35m[Chromedriver]?[39m Chromedriver version: '83.0.4103.39'
[debug] ?[35m[WD Proxy]?[39m Matched '/status' to command name 'getStatus'
[debug] ?[35m[WD Proxy]?[39m Proxying [GET /status] to [GET http://127.0.0.1:8000/wd/hub/status] with no body
?[35m[WD Proxy]?[39m connect ECONNREFUSED 127.0.0.1:8000
[debug] ?[35m[WD Proxy]?[39m Matched '/status' to command name 'getStatus'
[debug] ?[35m[WD Proxy]?[39m Proxying [GET /status] to [GET http://127.0.0.1:8000/wd/hub/status] with no body
[debug] ?[35m[WD Proxy]?[39m Got response with status 200: {"value":{"build":{"version":"83.0.4103.39 (ccbf011cb2d2b19b506d844400483861342c20cd-refs/branch-heads/4103@{#416})"},"message":"ChromeDriver ready for new sessions.","os":{"arch":"x86_64","name":"Windows NT","version":"10.0.19042"},"ready":true}}
?[35m[Chromedriver]?[39m Starting W3C Chromedriver session with capabilities: {
?[35m[Chromedriver]?[39m   "capabilities": {
?[35m[Chromedriver]?[39m     "alwaysMatch": {
?[35m[Chromedriver]?[39m       "goog:chromeOptions": {
?[35m[Chromedriver]?[39m         "androidPackage": "com.android.chrome",
?[35m[Chromedriver]?[39m         "androidDeviceSerial": "emulator-5554"
?[35m[Chromedriver]?[39m       },
?[35m[Chromedriver]?[39m       "goog:loggingPrefs": {
?[35m[Chromedriver]?[39m         "browser": "ALL"
?[35m[Chromedriver]?[39m       }
?[35m[Chromedriver]?[39m     }
?[35m[Chromedriver]?[39m   }
?[35m[Chromedriver]?[39m }
[debug] ?[35m[WD Proxy]?[39m Matched '/session' to command name 'createSession'
[debug] ?[35m[WD Proxy]?[39m Proxying [POST /session] to [POST http://127.0.0.1:8000/wd/hub/session] with body: {"capabilities":{"alwaysMatch":{"goog:chromeOptions":{"androidPackage":"com.android.chrome","androidDeviceSerial":"emulator-5554"},"goog:loggingPrefs":{"browser":"ALL"}}}}
[debug] ?[35m[WD Proxy]?[39m Got response with status 200: {"value":{"capabilities":{"acceptInsecureCerts":false,"browserName":"chrome","browserVersion":"83.0.4103.106","chrome":{"chromedriverVersion":"83.0.4103.39 (ccbf011cb2d2b19b506d844400483861342c20cd-refs/branch-heads/4103@{#416})"},"goog:chromeOptions":{"debuggerAddress":"localhost:50768"},"pageLoadStrategy":"normal","platformName":"android","proxy":{},"setWindowRect":false,"strictFileInteractability":false,"timeouts":{"implicit":0,"pageLoad":300000,"script":30000},"unhandledPromptBehavior":"dismiss and notify","webauthn:virtualAuthenticators":false},"sessionId":"7e8e4bf49a347e23f165445d5606c285"}}
?[35m[WD Proxy]?[39m Determined the downstream protocol as 'W3C'
[debug] ?[35m[Chromedriver]?[39m Changed state to 'online'
[debug] ?[35m[WD Proxy]?[39m Proxying [GET /appium/device/pixel_ratio] to [GET http://127.0.0.1:8201/wd/hub/session/80c8dfe7-18d3-4e9b-9f60-d1823fcda4f5/appium/device/pixel_ratio] with no body
[debug] ?[35m[WD Proxy]?[39m Got response with status 200: {"sessionId":"80c8dfe7-18d3-4e9b-9f60-d1823fcda4f5","value":2.75}
[debug] ?[35m[WD Proxy]?[39m Matched '/appium/device/system_bars' to command name 'getSystemBars'
[debug] ?[35m[WD Proxy]?[39m Proxying [GET /appium/device/system_bars] to [GET http://127.0.0.1:8201/wd/hub/session/80c8dfe7-18d3-4e9b-9f60-d1823fcda4f5/appium/device/system_bars] with no body
[debug] ?[35m[WD Proxy]?[39m Got response with status 200: {"sessionId":"80c8dfe7-18d3-4e9b-9f60-d1823fcda4f5","value":{"statusBar":135}}
[debug] ?[35m[WD Proxy]?[39m Matched '/window/current/size' to command name 'getWindowSize'
[debug] ?[35m[WD Proxy]?[39m Proxying [GET /window/current/size] to [GET http://127.0.0.1:8201/wd/hub/session/80c8dfe7-18d3-4e9b-9f60-d1823fcda4f5/window/current/size] with no body
[debug] ?[35m[WD Proxy]?[39m Got response with status 200: {"sessionId":"80c8dfe7-18d3-4e9b-9f60-d1823fcda4f5","value":{"height":1977,"width":1080}}
?[35m[Appium]?[39m New AndroidUiautomator2Driver session created successfully, session 9a2f7e2d-296a-42b9-b3f8-72187ccae149 added to master session list
[debug] ?[35m[BaseDriver]?[39m Event 'newSessionStarted' logged at 1613573504081 (20:21:44 GMT+0530 (India Standard Time))
[debug] ?[35m[W3C (9a2f7e2d)]?[39m Cached the protocol value 'W3C' for the new session 9a2f7e2d-296a-42b9-b3f8-72187ccae149
[debug] ?[35m[W3C (9a2f7e2d)]?[39m Responding to client with driver.createSession() result: {"capabilities":{"platform":"LINUX","webStorageEnabled":false,"takesScreenshot":true,"javascriptEnabled":true,"databaseEnabled":false,"networkConnectionEnabled":true,"locationContextEnabled":false,"warnings":{},"desired":{"browserName":"Chrome","platformName":"android","automationName":"UIAutomator2","chromedriverExecutable":"F:\\Github\\AppiumGithubActionPOC/src/test/resources/chromedriver.exe","deviceName":"Android Emulator","platformVersion":"11"},"browserName":"Chrome","platformName":"android","automationName":"UIAutomator2","chromedriverExecutable":"F:\\Github\\AppiumGithubActionPOC/src/test/resources/chromedriver.exe","deviceName":"emulator-5554","platformVersion":"11","appPackage":"com.android.chrome","appActivity":"com.google.android.apps.chrome.Main","deviceUDID":"emulator-5554","deviceApiLevel":30,"deviceScreenSize":"1080x2280","deviceScreenDensity":440,"deviceModel":"sdk_gphone_x86","deviceManufacturer":"Google","pixelRatio":2.75,"statBarHeight":135,"viewportRect":{"left":0,"top":135,"width":108...
?[35m[HTTP]?[39m ?[37m<-- POST /wd/hub/session ?[39m?[32m200?[39m ?[90m35749 ms - 1100?[39m
?[35m[HTTP]?[39m ?[90m?[39m
?[35m[HTTP]?[39m ?[37m-->?[39m ?[37mPOST?[39m ?[37m/wd/hub/session/9a2f7e2d-296a-42b9-b3f8-72187ccae149/url?[39m
?[35m[HTTP]?[39m ?[90m{"url":"https://www.google.co.in"}?[39m
?[35m[W3C (9a2f7e2d)]?[39m Driver proxy active, passing request on via HTTP proxy
[debug] ?[35m[WD Proxy]?[39m Matched '/wd/hub/session/9a2f7e2d-296a-42b9-b3f8-72187ccae149/url' to command name 'setUrl'
[debug] ?[35m[WD Proxy]?[39m Proxying [POST /wd/hub/session/9a2f7e2d-296a-42b9-b3f8-72187ccae149/url] to [POST http://127.0.0.1:8000/wd/hub/session/7e8e4bf49a347e23f165445d5606c285/url] with body: {"url":"https://www.google.co.in"}
[debug] ?[35m[WD Proxy]?[39m Got response with status 200: {"value":null}
?[35m[HTTP]?[39m ?[37m<-- POST /wd/hub/session/9a2f7e2d-296a-42b9-b3f8-72187ccae149/url ?[39m?[32m200?[39m ?[90m7871 ms - 14?[39m
?[35m[HTTP]?[39m ?[90m?[39m
?[35m[HTTP]?[39m ?[37m-->?[39m ?[37mGET?[39m ?[37m/wd/hub/session/9a2f7e2d-296a-42b9-b3f8-72187ccae149/title?[39m
?[35m[HTTP]?[39m ?[90m{}?[39m
?[35m[W3C (9a2f7e2d)]?[39m Driver proxy active, passing request on via HTTP proxy
[debug] ?[35m[WD Proxy]?[39m Matched '/wd/hub/session/9a2f7e2d-296a-42b9-b3f8-72187ccae149/title' to command name 'title'
[debug] ?[35m[WD Proxy]?[39m Proxying [GET /wd/hub/session/9a2f7e2d-296a-42b9-b3f8-72187ccae149/title] to [GET http://127.0.0.1:8000/wd/hub/session/7e8e4bf49a347e23f165445d5606c285/title] with no body
[debug] ?[35m[WD Proxy]?[39m Got response with status 200: {"value":"Google"}
?[35m[HTTP]?[39m ?[37m<-- GET /wd/hub/session/9a2f7e2d-296a-42b9-b3f8-72187ccae149/title ?[39m?[32m200?[39m ?[90m31 ms - 18?[39m
?[35m[HTTP]?[39m ?[90m?[39m
]]></system-out>
  <system-err><![CDATA[SLF4J: Failed to load class "org.slf4j.impl.StaticLoggerBinder".
SLF4J: Defaulting to no-operation (NOP) logger implementation
SLF4J: See http://www.slf4j.org/codes.html#StaticLoggerBinder for further details.
Feb 17, 2021 8:21:44 PM io.appium.java_client.remote.AppiumCommandExecutor$1 lambda$0
INFO: Detected dialect: W3C
]]></system-err>
</testsuite>
